The system is: Darwin - 21.4.0 - arm64
Compiling the C compiler identification source file "CMakeCCompilerId.c" succeeded.
Compiler: /Library/Developer/CommandLineTools/usr/bin/cc 
Build flags: 
Id flags: -c 

The output was:
0


Compilation of the C compiler identification source "CMakeCCompilerId.c" produced "CMakeCCompilerId.o"

The C compiler identification is AppleClang, found in "/Users/cspot/clones/cairplay/targets/cli/build/CMakeFiles/3.23.0/CompilerIdC/CMakeCCompilerId.o"

Compiling the CXX compiler identification source file "CMakeCXXCompilerId.cpp" succeeded.
Compiler: /Library/Developer/CommandLineTools/usr/bin/c++ 
Build flags: 
Id flags: -c 

The output was:
0


Compilation of the CXX compiler identification source "CMakeCXXCompilerId.cpp" produced "CMakeCXXCompilerId.o"

The CXX compiler identification is AppleClang, found in "/Users/cspot/clones/cairplay/targets/cli/build/CMakeFiles/3.23.0/CompilerIdCXX/CMakeCXXCompilerId.o"

Detecting C compiler ABI info compiled with the following output:
Change Dir: /Users/cspot/clones/cairplay/targets/cli/build/CMakeFiles/CMakeTmp

Run Build Command(s):/opt/homebrew/bin/ninja cmTC_da981 && [1/2] Building C object CMakeFiles/cmTC_da981.dir/CMakeCCompilerABI.c.o
Apple clang version 13.1.6 (clang-1316.0.21.2)
Target: arm64-apple-darwin21.4.0
Thread model: posix
InstalledDir: /Library/Developer/CommandLineTools/usr/bin
clang: warning: -Wl,-v: 'linker' input unused [-Wunused-command-line-argument]
 "/Library/Developer/CommandLineTools/usr/bin/clang" -cc1 -triple arm64-apple-macosx12.0.0 -Wundef-prefix=TARGET_OS_ -Wdeprecated-objc-isa-usage -Werror=deprecated-objc-isa-usage -Werror=implicit-function-declaration -emit-obj -mrelax-all --mrelax-relocations -disable-free -disable-llvm-verifier -discard-value-names -main-file-name CMakeCCompilerABI.c -mrelocation-model pic -pic-level 2 -mframe-pointer=non-leaf -fno-strict-return -fno-rounding-math -munwind-tables -target-sdk-version=12.3 -fvisibility-inlines-hidden-static-local-var -target-cpu apple-m1 -target-feature +v8.5a -target-feature +fp-armv8 -target-feature +neon -target-feature +crc -target-feature +crypto -target-feature +dotprod -target-feature +fp16fml -target-feature +ras -target-feature +lse -target-feature +rdm -target-feature +rcpc -target-feature +zcm -target-feature +zcz -target-feature +fullfp16 -target-feature +sm4 -target-feature +sha3 -target-feature +sha2 -target-feature +aes -target-abi darwinpcs -fallow-half-arguments-and-returns -debugger-tuning=lldb -target-linker-version 762 -v -resource-dir /Library/Developer/CommandLineTools/usr/lib/clang/13.1.6 -dependency-file CMakeFiles/cmTC_da981.dir/CMakeCCompilerABI.c.o.d -skip-unused-modulemap-deps -MT CMakeFiles/cmTC_da981.dir/CMakeCCompilerABI.c.o -sys-header-deps -isysroot /Library/Developer/CommandLineTools/SDKs/MacOSX12.3.sdk -internal-isystem /Library/Developer/CommandLineTools/SDKs/MacOSX12.3.sdk/usr/local/include -internal-isystem /Library/Developer/CommandLineTools/usr/lib/clang/13.1.6/include -internal-externc-isystem /Library/Developer/CommandLineTools/SDKs/MacOSX12.3.sdk/usr/include -internal-externc-isystem /Library/Developer/CommandLineTools/usr/include -Wno-reorder-init-list -Wno-implicit-int-float-conversion -Wno-c99-designator -Wno-final-dtor-non-final-class -Wno-extra-semi-stmt -Wno-misleading-indentation -Wno-quoted-include-in-framework-header -Wno-implicit-fallthrough -Wno-enum-enum-conversion -Wno-enum-float-conversion -Wno-elaborated-enum-base -Wno-reserved-identifier -Wno-gnu-folding-constant -Wno-objc-load-method -fdebug-compilation-dir=/Users/cspot/clones/cairplay/targets/cli/build/CMakeFiles/CMakeTmp -ferror-limit 19 -stack-protector 1 -fstack-check -mdarwin-stkchk-strong-link -fblocks -fencode-extended-block-signature -fregister-global-dtors-with-atexit -fgnuc-version=4.2.1 -fmax-type-align=16 -fcommon -clang-vendor-feature=+messageToSelfInClassMethodIdReturnType -clang-vendor-feature=+disableInferNewAvailabilityFromInit -clang-vendor-feature=+disableNonDependentMemberExprInCurrentInstantiation -fno-odr-hash-protocols -clang-vendor-feature=+enableAggressiveVLAFolding -clang-vendor-feature=+revert09abecef7bbf -clang-vendor-feature=+thisNoAlignAttr -clang-vendor-feature=+thisNoNullAttr -mllvm -disable-aligned-alloc-awareness=1 -D__GCC_HAVE_DWARF2_CFI_ASM=1 -o CMakeFiles/cmTC_da981.dir/CMakeCCompilerABI.c.o -x c /opt/homebrew/Cellar/cmake/3.23.0/share/cmake/Modules/CMakeCCompilerABI.c
clang -cc1 version 13.1.6 (clang-1316.0.21.2) default target arm64-apple-darwin21.4.0
ignoring nonexistent directory "/Library/Developer/CommandLineTools/SDKs/MacOSX12.3.sdk/usr/local/include"
ignoring nonexistent directory "/Library/Developer/CommandLineTools/SDKs/MacOSX12.3.sdk/Library/Frameworks"
#include "..." search starts here:
#include <...> search starts here:
 /Library/Developer/CommandLineTools/usr/lib/clang/13.1.6/include
 /Library/Developer/CommandLineTools/SDKs/MacOSX12.3.sdk/usr/include
 /Library/Developer/CommandLineTools/usr/include
 /Library/Developer/CommandLineTools/SDKs/MacOSX12.3.sdk/System/Library/Frameworks (framework directory)
End of search list.
[2/2] Linking C executable cmTC_da981
Apple clang version 13.1.6 (clang-1316.0.21.2)
Target: arm64-apple-darwin21.4.0
Thread model: posix
InstalledDir: /Library/Developer/CommandLineTools/usr/bin
 "/Library/Developer/CommandLineTools/usr/bin/ld" -demangle -lto_library /Library/Developer/CommandLineTools/usr/lib/libLTO.dylib -dynamic -arch arm64 -platform_version macos 12.0.0 12.3 -syslibroot /Library/Developer/CommandLineTools/SDKs/MacOSX12.3.sdk -o cmTC_da981 -search_paths_first -headerpad_max_install_names -v CMakeFiles/cmTC_da981.dir/CMakeCCompilerABI.c.o -lSystem /Library/Developer/CommandLineTools/usr/lib/clang/13.1.6/lib/darwin/libclang_rt.osx.a
@(#)PROGRAM:ld  PROJECT:ld64-762
BUILD 06:28:58 Feb 18 2022
configured to support archs: armv6 armv7 armv7s arm64 arm64e arm64_32 i386 x86_64 x86_64h armv6m armv7k armv7m armv7em
Library search paths:
	/Library/Developer/CommandLineTools/SDKs/MacOSX12.3.sdk/usr/lib
Framework search paths:
	/Library/Developer/CommandLineTools/SDKs/MacOSX12.3.sdk/System/Library/Frameworks/



Parsed C implicit include dir info from above output: rv=done
  found start of include info
  found start of implicit include info
    add: [/Library/Developer/CommandLineTools/usr/lib/clang/13.1.6/include]
    add: [/Library/Developer/CommandLineTools/SDKs/MacOSX12.3.sdk/usr/include]
    add: [/Library/Developer/CommandLineTools/usr/include]
  end of search list found
  collapse include dir [/Library/Developer/CommandLineTools/usr/lib/clang/13.1.6/include] ==> [/Library/Developer/CommandLineTools/usr/lib/clang/13.1.6/include]
  collapse include dir [/Library/Developer/CommandLineTools/SDKs/MacOSX12.3.sdk/usr/include] ==> [/Library/Developer/CommandLineTools/SDKs/MacOSX12.3.sdk/usr/include]
  collapse include dir [/Library/Developer/CommandLineTools/usr/include] ==> [/Library/Developer/CommandLineTools/usr/include]
  implicit include dirs: [/Library/Developer/CommandLineTools/usr/lib/clang/13.1.6/include;/Library/Developer/CommandLineTools/SDKs/MacOSX12.3.sdk/usr/include;/Library/Developer/CommandLineTools/usr/include]


Parsed C implicit link information from above output:
  link line regex: [^( *|.*[/\])(ld|CMAKE_LINK_STARTFILE-NOTFOUND|([^/\]+-)?ld|collect2)[^/\]*( |$)]
  ignore line: [Change Dir: /Users/cspot/clones/cairplay/targets/cli/build/CMakeFiles/CMakeTmp]
  ignore line: []
  ignore line: [Run Build Command(s):/opt/homebrew/bin/ninja cmTC_da981 && [1/2] Building C object CMakeFiles/cmTC_da981.dir/CMakeCCompilerABI.c.o]
  ignore line: [Apple clang version 13.1.6 (clang-1316.0.21.2)]
  ignore line: [Target: arm64-apple-darwin21.4.0]
  ignore line: [Thread model: posix]
  ignore line: [InstalledDir: /Library/Developer/CommandLineTools/usr/bin]
  ignore line: [clang: warning: -Wl -v: 'linker' input unused [-Wunused-command-line-argument]]
  ignore line: [ "/Library/Developer/CommandLineTools/usr/bin/clang" -cc1 -triple arm64-apple-macosx12.0.0 -Wundef-prefix=TARGET_OS_ -Wdeprecated-objc-isa-usage -Werror=deprecated-objc-isa-usage -Werror=implicit-function-declaration -emit-obj -mrelax-all --mrelax-relocations -disable-free -disable-llvm-verifier -discard-value-names -main-file-name CMakeCCompilerABI.c -mrelocation-model pic -pic-level 2 -mframe-pointer=non-leaf -fno-strict-return -fno-rounding-math -munwind-tables -target-sdk-version=12.3 -fvisibility-inlines-hidden-static-local-var -target-cpu apple-m1 -target-feature +v8.5a -target-feature +fp-armv8 -target-feature +neon -target-feature +crc -target-feature +crypto -target-feature +dotprod -target-feature +fp16fml -target-feature +ras -target-feature +lse -target-feature +rdm -target-feature +rcpc -target-feature +zcm -target-feature +zcz -target-feature +fullfp16 -target-feature +sm4 -target-feature +sha3 -target-feature +sha2 -target-feature +aes -target-abi darwinpcs -fallow-half-arguments-and-returns -debugger-tuning=lldb -target-linker-version 762 -v -resource-dir /Library/Developer/CommandLineTools/usr/lib/clang/13.1.6 -dependency-file CMakeFiles/cmTC_da981.dir/CMakeCCompilerABI.c.o.d -skip-unused-modulemap-deps -MT CMakeFiles/cmTC_da981.dir/CMakeCCompilerABI.c.o -sys-header-deps -isysroot /Library/Developer/CommandLineTools/SDKs/MacOSX12.3.sdk -internal-isystem /Library/Developer/CommandLineTools/SDKs/MacOSX12.3.sdk/usr/local/include -internal-isystem /Library/Developer/CommandLineTools/usr/lib/clang/13.1.6/include -internal-externc-isystem /Library/Developer/CommandLineTools/SDKs/MacOSX12.3.sdk/usr/include -internal-externc-isystem /Library/Developer/CommandLineTools/usr/include -Wno-reorder-init-list -Wno-implicit-int-float-conversion -Wno-c99-designator -Wno-final-dtor-non-final-class -Wno-extra-semi-stmt -Wno-misleading-indentation -Wno-quoted-include-in-framework-header -Wno-implicit-fallthrough -Wno-enum-enum-conversion -Wno-enum-float-conversion -Wno-elaborated-enum-base -Wno-reserved-identifier -Wno-gnu-folding-constant -Wno-objc-load-method -fdebug-compilation-dir=/Users/cspot/clones/cairplay/targets/cli/build/CMakeFiles/CMakeTmp -ferror-limit 19 -stack-protector 1 -fstack-check -mdarwin-stkchk-strong-link -fblocks -fencode-extended-block-signature -fregister-global-dtors-with-atexit -fgnuc-version=4.2.1 -fmax-type-align=16 -fcommon -clang-vendor-feature=+messageToSelfInClassMethodIdReturnType -clang-vendor-feature=+disableInferNewAvailabilityFromInit -clang-vendor-feature=+disableNonDependentMemberExprInCurrentInstantiation -fno-odr-hash-protocols -clang-vendor-feature=+enableAggressiveVLAFolding -clang-vendor-feature=+revert09abecef7bbf -clang-vendor-feature=+thisNoAlignAttr -clang-vendor-feature=+thisNoNullAttr -mllvm -disable-aligned-alloc-awareness=1 -D__GCC_HAVE_DWARF2_CFI_ASM=1 -o CMakeFiles/cmTC_da981.dir/CMakeCCompilerABI.c.o -x c /opt/homebrew/Cellar/cmake/3.23.0/share/cmake/Modules/CMakeCCompilerABI.c]
  ignore line: [clang -cc1 version 13.1.6 (clang-1316.0.21.2) default target arm64-apple-darwin21.4.0]
  ignore line: [ignoring nonexistent directory "/Library/Developer/CommandLineTools/SDKs/MacOSX12.3.sdk/usr/local/include"]
  ignore line: [ignoring nonexistent directory "/Library/Developer/CommandLineTools/SDKs/MacOSX12.3.sdk/Library/Frameworks"]
  ignore line: [#include "..." search starts here:]
  ignore line: [#include <...> search starts here:]
  ignore line: [ /Library/Developer/CommandLineTools/usr/lib/clang/13.1.6/include]
  ignore line: [ /Library/Developer/CommandLineTools/SDKs/MacOSX12.3.sdk/usr/include]
  ignore line: [ /Library/Developer/CommandLineTools/usr/include]
  ignore line: [ /Library/Developer/CommandLineTools/SDKs/MacOSX12.3.sdk/System/Library/Frameworks (framework directory)]
  ignore line: [End of search list.]
  ignore line: [[2/2] Linking C executable cmTC_da981]
  ignore line: [Apple clang version 13.1.6 (clang-1316.0.21.2)]
  ignore line: [Target: arm64-apple-darwin21.4.0]
  ignore line: [Thread model: posix]
  ignore line: [InstalledDir: /Library/Developer/CommandLineTools/usr/bin]
  link line: [ "/Library/Developer/CommandLineTools/usr/bin/ld" -demangle -lto_library /Library/Developer/CommandLineTools/usr/lib/libLTO.dylib -dynamic -arch arm64 -platform_version macos 12.0.0 12.3 -syslibroot /Library/Developer/CommandLineTools/SDKs/MacOSX12.3.sdk -o cmTC_da981 -search_paths_first -headerpad_max_install_names -v CMakeFiles/cmTC_da981.dir/CMakeCCompilerABI.c.o -lSystem /Library/Developer/CommandLineTools/usr/lib/clang/13.1.6/lib/darwin/libclang_rt.osx.a]
    arg [/Library/Developer/CommandLineTools/usr/bin/ld] ==> ignore
    arg [-demangle] ==> ignore
    arg [-lto_library] ==> ignore, skip following value
    arg [/Library/Developer/CommandLineTools/usr/lib/libLTO.dylib] ==> skip value of -lto_library
    arg [-dynamic] ==> ignore
    arg [-arch] ==> ignore
    arg [arm64] ==> ignore
    arg [-platform_version] ==> ignore
    arg [macos] ==> ignore
    arg [12.0.0] ==> ignore
    arg [12.3] ==> ignore
    arg [-syslibroot] ==> ignore
    arg [/Library/Developer/CommandLineTools/SDKs/MacOSX12.3.sdk] ==> ignore
    arg [-o] ==> ignore
    arg [cmTC_da981] ==> ignore
    arg [-search_paths_first] ==> ignore
    arg [-headerpad_max_install_names] ==> ignore
    arg [-v] ==> ignore
    arg [CMakeFiles/cmTC_da981.dir/CMakeCCompilerABI.c.o] ==> ignore
    arg [-lSystem] ==> lib [System]
    arg [/Library/Developer/CommandLineTools/usr/lib/clang/13.1.6/lib/darwin/libclang_rt.osx.a] ==> lib [/Library/Developer/CommandLineTools/usr/lib/clang/13.1.6/lib/darwin/libclang_rt.osx.a]
  Library search paths: [;/Library/Developer/CommandLineTools/SDKs/MacOSX12.3.sdk/usr/lib]
  Framework search paths: [;/Library/Developer/CommandLineTools/SDKs/MacOSX12.3.sdk/System/Library/Frameworks/]
  remove lib [System]
  remove lib [/Library/Developer/CommandLineTools/usr/lib/clang/13.1.6/lib/darwin/libclang_rt.osx.a]
  collapse library dir [/Library/Developer/CommandLineTools/SDKs/MacOSX12.3.sdk/usr/lib] ==> [/Library/Developer/CommandLineTools/SDKs/MacOSX12.3.sdk/usr/lib]
  collapse framework dir [/Library/Developer/CommandLineTools/SDKs/MacOSX12.3.sdk/System/Library/Frameworks/] ==> [/Library/Developer/CommandLineTools/SDKs/MacOSX12.3.sdk/System/Library/Frameworks]
  implicit libs: []
  implicit objs: []
  implicit dirs: [/Library/Developer/CommandLineTools/SDKs/MacOSX12.3.sdk/usr/lib]
  implicit fwks: [/Library/Developer/CommandLineTools/SDKs/MacOSX12.3.sdk/System/Library/Frameworks]


Detecting CXX compiler ABI info compiled with the following output:
Change Dir: /Users/cspot/clones/cairplay/targets/cli/build/CMakeFiles/CMakeTmp

Run Build Command(s):/opt/homebrew/bin/ninja cmTC_3aa04 && [1/2] Building CXX object CMakeFiles/cmTC_3aa04.dir/CMakeCXXCompilerABI.cpp.o
Apple clang version 13.1.6 (clang-1316.0.21.2)
Target: arm64-apple-darwin21.4.0
Thread model: posix
InstalledDir: /Library/Developer/CommandLineTools/usr/bin
clang: warning: -Wl,-v: 'linker' input unused [-Wunused-command-line-argument]
 "/Library/Developer/CommandLineTools/usr/bin/clang" -cc1 -triple arm64-apple-macosx12.0.0 -Wundef-prefix=TARGET_OS_ -Wdeprecated-objc-isa-usage -Werror=deprecated-objc-isa-usage -Werror=implicit-function-declaration -emit-obj -mrelax-all --mrelax-relocations -disable-free -disable-llvm-verifier -discard-value-names -main-file-name CMakeCXXCompilerABI.cpp -mrelocation-model pic -pic-level 2 -mframe-pointer=non-leaf -fno-strict-return -fno-rounding-math -munwind-tables -target-sdk-version=12.3 -fvisibility-inlines-hidden-static-local-var -target-cpu apple-m1 -target-feature +v8.5a -target-feature +fp-armv8 -target-feature +neon -target-feature +crc -target-feature +crypto -target-feature +dotprod -target-feature +fp16fml -target-feature +ras -target-feature +lse -target-feature +rdm -target-feature +rcpc -target-feature +zcm -target-feature +zcz -target-feature +fullfp16 -target-feature +sm4 -target-feature +sha3 -target-feature +sha2 -target-feature +aes -target-abi darwinpcs -fallow-half-arguments-and-returns -debugger-tuning=lldb -target-linker-version 762 -v -resource-dir /Library/Developer/CommandLineTools/usr/lib/clang/13.1.6 -dependency-file CMakeFiles/cmTC_3aa04.dir/CMakeCXXCompilerABI.cpp.o.d -skip-unused-modulemap-deps -MT CMakeFiles/cmTC_3aa04.dir/CMakeCXXCompilerABI.cpp.o -sys-header-deps -isysroot /Library/Developer/CommandLineTools/SDKs/MacOSX12.3.sdk -stdlib=libc++ -internal-isystem /Library/Developer/CommandLineTools/SDKs/MacOSX12.3.sdk/usr/include/c++/v1 -internal-isystem /Library/Developer/CommandLineTools/SDKs/MacOSX12.3.sdk/usr/local/include -internal-isystem /Library/Developer/CommandLineTools/usr/lib/clang/13.1.6/include -internal-externc-isystem /Library/Developer/CommandLineTools/SDKs/MacOSX12.3.sdk/usr/include -internal-externc-isystem /Library/Developer/CommandLineTools/usr/include -Wno-reorder-init-list -Wno-implicit-int-float-conversion -Wno-c99-designator -Wno-final-dtor-non-final-class -Wno-extra-semi-stmt -Wno-misleading-indentation -Wno-quoted-include-in-framework-header -Wno-implicit-fallthrough -Wno-enum-enum-conversion -Wno-enum-float-conversion -Wno-elaborated-enum-base -Wno-reserved-identifier -Wno-gnu-folding-constant -Wno-objc-load-method -fdeprecated-macro -fdebug-compilation-dir=/Users/cspot/clones/cairplay/targets/cli/build/CMakeFiles/CMakeTmp -ferror-limit 19 -stack-protector 1 -fstack-check -mdarwin-stkchk-strong-link -fblocks -fencode-extended-block-signature -fregister-global-dtors-with-atexit -fgnuc-version=4.2.1 -fno-cxx-modules -fcxx-exceptions -fexceptions -fmax-type-align=16 -fcommon -clang-vendor-feature=+messageToSelfInClassMethodIdReturnType -clang-vendor-feature=+disableInferNewAvailabilityFromInit -clang-vendor-feature=+disableNonDependentMemberExprInCurrentInstantiation -fno-odr-hash-protocols -clang-vendor-feature=+enableAggressiveVLAFolding -clang-vendor-feature=+revert09abecef7bbf -clang-vendor-feature=+thisNoAlignAttr -clang-vendor-feature=+thisNoNullAttr -mllvm -disable-aligned-alloc-awareness=1 -D__GCC_HAVE_DWARF2_CFI_ASM=1 -o CMakeFiles/cmTC_3aa04.dir/CMakeCXXCompilerABI.cpp.o -x c++ /opt/homebrew/Cellar/cmake/3.23.0/share/cmake/Modules/CMakeCXXCompilerABI.cpp
clang -cc1 version 13.1.6 (clang-1316.0.21.2) default target arm64-apple-darwin21.4.0
ignoring nonexistent directory "/Library/Developer/CommandLineTools/SDKs/MacOSX12.3.sdk/usr/local/include"
ignoring nonexistent directory "/Library/Developer/CommandLineTools/SDKs/MacOSX12.3.sdk/Library/Frameworks"
#include "..." search starts here:
#include <...> search starts here:
 /Library/Developer/CommandLineTools/SDKs/MacOSX12.3.sdk/usr/include/c++/v1
 /Library/Developer/CommandLineTools/usr/lib/clang/13.1.6/include
 /Library/Developer/CommandLineTools/SDKs/MacOSX12.3.sdk/usr/include
 /Library/Developer/CommandLineTools/usr/include
 /Library/Developer/CommandLineTools/SDKs/MacOSX12.3.sdk/System/Library/Frameworks (framework directory)
End of search list.
[2/2] Linking CXX executable cmTC_3aa04
Apple clang version 13.1.6 (clang-1316.0.21.2)
Target: arm64-apple-darwin21.4.0
Thread model: posix
InstalledDir: /Library/Developer/CommandLineTools/usr/bin
 "/Library/Developer/CommandLineTools/usr/bin/ld" -demangle -lto_library /Library/Developer/CommandLineTools/usr/lib/libLTO.dylib -dynamic -arch arm64 -platform_version macos 12.0.0 12.3 -syslibroot /Library/Developer/CommandLineTools/SDKs/MacOSX12.3.sdk -o cmTC_3aa04 -search_paths_first -headerpad_max_install_names -v CMakeFiles/cmTC_3aa04.dir/CMakeCXXCompilerABI.cpp.o -lc++ -lSystem /Library/Developer/CommandLineTools/usr/lib/clang/13.1.6/lib/darwin/libclang_rt.osx.a
@(#)PROGRAM:ld  PROJECT:ld64-762
BUILD 06:28:58 Feb 18 2022
configured to support archs: armv6 armv7 armv7s arm64 arm64e arm64_32 i386 x86_64 x86_64h armv6m armv7k armv7m armv7em
Library search paths:
	/Library/Developer/CommandLineTools/SDKs/MacOSX12.3.sdk/usr/lib
Framework search paths:
	/Library/Developer/CommandLineTools/SDKs/MacOSX12.3.sdk/System/Library/Frameworks/



Parsed CXX implicit include dir info from above output: rv=done
  found start of include info
  found start of implicit include info
    add: [/Library/Developer/CommandLineTools/SDKs/MacOSX12.3.sdk/usr/include/c++/v1]
    add: [/Library/Developer/CommandLineTools/usr/lib/clang/13.1.6/include]
    add: [/Library/Developer/CommandLineTools/SDKs/MacOSX12.3.sdk/usr/include]
    add: [/Library/Developer/CommandLineTools/usr/include]
  end of search list found
  collapse include dir [/Library/Developer/CommandLineTools/SDKs/MacOSX12.3.sdk/usr/include/c++/v1] ==> [/Library/Developer/CommandLineTools/SDKs/MacOSX12.3.sdk/usr/include/c++/v1]
  collapse include dir [/Library/Developer/CommandLineTools/usr/lib/clang/13.1.6/include] ==> [/Library/Developer/CommandLineTools/usr/lib/clang/13.1.6/include]
  collapse include dir [/Library/Developer/CommandLineTools/SDKs/MacOSX12.3.sdk/usr/include] ==> [/Library/Developer/CommandLineTools/SDKs/MacOSX12.3.sdk/usr/include]
  collapse include dir [/Library/Developer/CommandLineTools/usr/include] ==> [/Library/Developer/CommandLineTools/usr/include]
  implicit include dirs: [/Library/Developer/CommandLineTools/SDKs/MacOSX12.3.sdk/usr/include/c++/v1;/Library/Developer/CommandLineTools/usr/lib/clang/13.1.6/include;/Library/Developer/CommandLineTools/SDKs/MacOSX12.3.sdk/usr/include;/Library/Developer/CommandLineTools/usr/include]


Parsed CXX implicit link information from above output:
  link line regex: [^( *|.*[/\])(ld|CMAKE_LINK_STARTFILE-NOTFOUND|([^/\]+-)?ld|collect2)[^/\]*( |$)]
  ignore line: [Change Dir: /Users/cspot/clones/cairplay/targets/cli/build/CMakeFiles/CMakeTmp]
  ignore line: []
  ignore line: [Run Build Command(s):/opt/homebrew/bin/ninja cmTC_3aa04 && [1/2] Building CXX object CMakeFiles/cmTC_3aa04.dir/CMakeCXXCompilerABI.cpp.o]
  ignore line: [Apple clang version 13.1.6 (clang-1316.0.21.2)]
  ignore line: [Target: arm64-apple-darwin21.4.0]
  ignore line: [Thread model: posix]
  ignore line: [InstalledDir: /Library/Developer/CommandLineTools/usr/bin]
  ignore line: [clang: warning: -Wl -v: 'linker' input unused [-Wunused-command-line-argument]]
  ignore line: [ "/Library/Developer/CommandLineTools/usr/bin/clang" -cc1 -triple arm64-apple-macosx12.0.0 -Wundef-prefix=TARGET_OS_ -Wdeprecated-objc-isa-usage -Werror=deprecated-objc-isa-usage -Werror=implicit-function-declaration -emit-obj -mrelax-all --mrelax-relocations -disable-free -disable-llvm-verifier -discard-value-names -main-file-name CMakeCXXCompilerABI.cpp -mrelocation-model pic -pic-level 2 -mframe-pointer=non-leaf -fno-strict-return -fno-rounding-math -munwind-tables -target-sdk-version=12.3 -fvisibility-inlines-hidden-static-local-var -target-cpu apple-m1 -target-feature +v8.5a -target-feature +fp-armv8 -target-feature +neon -target-feature +crc -target-feature +crypto -target-feature +dotprod -target-feature +fp16fml -target-feature +ras -target-feature +lse -target-feature +rdm -target-feature +rcpc -target-feature +zcm -target-feature +zcz -target-feature +fullfp16 -target-feature +sm4 -target-feature +sha3 -target-feature +sha2 -target-feature +aes -target-abi darwinpcs -fallow-half-arguments-and-returns -debugger-tuning=lldb -target-linker-version 762 -v -resource-dir /Library/Developer/CommandLineTools/usr/lib/clang/13.1.6 -dependency-file CMakeFiles/cmTC_3aa04.dir/CMakeCXXCompilerABI.cpp.o.d -skip-unused-modulemap-deps -MT CMakeFiles/cmTC_3aa04.dir/CMakeCXXCompilerABI.cpp.o -sys-header-deps -isysroot /Library/Developer/CommandLineTools/SDKs/MacOSX12.3.sdk -stdlib=libc++ -internal-isystem /Library/Developer/CommandLineTools/SDKs/MacOSX12.3.sdk/usr/include/c++/v1 -internal-isystem /Library/Developer/CommandLineTools/SDKs/MacOSX12.3.sdk/usr/local/include -internal-isystem /Library/Developer/CommandLineTools/usr/lib/clang/13.1.6/include -internal-externc-isystem /Library/Developer/CommandLineTools/SDKs/MacOSX12.3.sdk/usr/include -internal-externc-isystem /Library/Developer/CommandLineTools/usr/include -Wno-reorder-init-list -Wno-implicit-int-float-conversion -Wno-c99-designator -Wno-final-dtor-non-final-class -Wno-extra-semi-stmt -Wno-misleading-indentation -Wno-quoted-include-in-framework-header -Wno-implicit-fallthrough -Wno-enum-enum-conversion -Wno-enum-float-conversion -Wno-elaborated-enum-base -Wno-reserved-identifier -Wno-gnu-folding-constant -Wno-objc-load-method -fdeprecated-macro -fdebug-compilation-dir=/Users/cspot/clones/cairplay/targets/cli/build/CMakeFiles/CMakeTmp -ferror-limit 19 -stack-protector 1 -fstack-check -mdarwin-stkchk-strong-link -fblocks -fencode-extended-block-signature -fregister-global-dtors-with-atexit -fgnuc-version=4.2.1 -fno-cxx-modules -fcxx-exceptions -fexceptions -fmax-type-align=16 -fcommon -clang-vendor-feature=+messageToSelfInClassMethodIdReturnType -clang-vendor-feature=+disableInferNewAvailabilityFromInit -clang-vendor-feature=+disableNonDependentMemberExprInCurrentInstantiation -fno-odr-hash-protocols -clang-vendor-feature=+enableAggressiveVLAFolding -clang-vendor-feature=+revert09abecef7bbf -clang-vendor-feature=+thisNoAlignAttr -clang-vendor-feature=+thisNoNullAttr -mllvm -disable-aligned-alloc-awareness=1 -D__GCC_HAVE_DWARF2_CFI_ASM=1 -o CMakeFiles/cmTC_3aa04.dir/CMakeCXXCompilerABI.cpp.o -x c++ /opt/homebrew/Cellar/cmake/3.23.0/share/cmake/Modules/CMakeCXXCompilerABI.cpp]
  ignore line: [clang -cc1 version 13.1.6 (clang-1316.0.21.2) default target arm64-apple-darwin21.4.0]
  ignore line: [ignoring nonexistent directory "/Library/Developer/CommandLineTools/SDKs/MacOSX12.3.sdk/usr/local/include"]
  ignore line: [ignoring nonexistent directory "/Library/Developer/CommandLineTools/SDKs/MacOSX12.3.sdk/Library/Frameworks"]
  ignore line: [#include "..." search starts here:]
  ignore line: [#include <...> search starts here:]
  ignore line: [ /Library/Developer/CommandLineTools/SDKs/MacOSX12.3.sdk/usr/include/c++/v1]
  ignore line: [ /Library/Developer/CommandLineTools/usr/lib/clang/13.1.6/include]
  ignore line: [ /Library/Developer/CommandLineTools/SDKs/MacOSX12.3.sdk/usr/include]
  ignore line: [ /Library/Developer/CommandLineTools/usr/include]
  ignore line: [ /Library/Developer/CommandLineTools/SDKs/MacOSX12.3.sdk/System/Library/Frameworks (framework directory)]
  ignore line: [End of search list.]
  ignore line: [[2/2] Linking CXX executable cmTC_3aa04]
  ignore line: [Apple clang version 13.1.6 (clang-1316.0.21.2)]
  ignore line: [Target: arm64-apple-darwin21.4.0]
  ignore line: [Thread model: posix]
  ignore line: [InstalledDir: /Library/Developer/CommandLineTools/usr/bin]
  link line: [ "/Library/Developer/CommandLineTools/usr/bin/ld" -demangle -lto_library /Library/Developer/CommandLineTools/usr/lib/libLTO.dylib -dynamic -arch arm64 -platform_version macos 12.0.0 12.3 -syslibroot /Library/Developer/CommandLineTools/SDKs/MacOSX12.3.sdk -o cmTC_3aa04 -search_paths_first -headerpad_max_install_names -v CMakeFiles/cmTC_3aa04.dir/CMakeCXXCompilerABI.cpp.o -lc++ -lSystem /Library/Developer/CommandLineTools/usr/lib/clang/13.1.6/lib/darwin/libclang_rt.osx.a]
    arg [/Library/Developer/CommandLineTools/usr/bin/ld] ==> ignore
    arg [-demangle] ==> ignore
    arg [-lto_library] ==> ignore, skip following value
    arg [/Library/Developer/CommandLineTools/usr/lib/libLTO.dylib] ==> skip value of -lto_library
    arg [-dynamic] ==> ignore
    arg [-arch] ==> ignore
    arg [arm64] ==> ignore
    arg [-platform_version] ==> ignore
    arg [macos] ==> ignore
    arg [12.0.0] ==> ignore
    arg [12.3] ==> ignore
    arg [-syslibroot] ==> ignore
    arg [/Library/Developer/CommandLineTools/SDKs/MacOSX12.3.sdk] ==> ignore
    arg [-o] ==> ignore
    arg [cmTC_3aa04] ==> ignore
    arg [-search_paths_first] ==> ignore
    arg [-headerpad_max_install_names] ==> ignore
    arg [-v] ==> ignore
    arg [CMakeFiles/cmTC_3aa04.dir/CMakeCXXCompilerABI.cpp.o] ==> ignore
    arg [-lc++] ==> lib [c++]
    arg [-lSystem] ==> lib [System]
    arg [/Library/Developer/CommandLineTools/usr/lib/clang/13.1.6/lib/darwin/libclang_rt.osx.a] ==> lib [/Library/Developer/CommandLineTools/usr/lib/clang/13.1.6/lib/darwin/libclang_rt.osx.a]
  Library search paths: [;/Library/Developer/CommandLineTools/SDKs/MacOSX12.3.sdk/usr/lib]
  Framework search paths: [;/Library/Developer/CommandLineTools/SDKs/MacOSX12.3.sdk/System/Library/Frameworks/]
  remove lib [System]
  remove lib [/Library/Developer/CommandLineTools/usr/lib/clang/13.1.6/lib/darwin/libclang_rt.osx.a]
  collapse library dir [/Library/Developer/CommandLineTools/SDKs/MacOSX12.3.sdk/usr/lib] ==> [/Library/Developer/CommandLineTools/SDKs/MacOSX12.3.sdk/usr/lib]
  collapse framework dir [/Library/Developer/CommandLineTools/SDKs/MacOSX12.3.sdk/System/Library/Frameworks/] ==> [/Library/Developer/CommandLineTools/SDKs/MacOSX12.3.sdk/System/Library/Frameworks]
  implicit libs: [c++]
  implicit objs: []
  implicit dirs: [/Library/Developer/CommandLineTools/SDKs/MacOSX12.3.sdk/usr/lib]
  implicit fwks: [/Library/Developer/CommandLineTools/SDKs/MacOSX12.3.sdk/System/Library/Frameworks]


Determining if the include file pthread.h exists passed with the following output:
Change Dir: /Users/cspot/clones/cairplay/targets/cli/build/CMakeFiles/CMakeTmp

Run Build Command(s):/opt/homebrew/bin/ninja cmTC_0bc3f && [1/2] Building C object CMakeFiles/cmTC_0bc3f.dir/CheckIncludeFile.c.o
[2/2] Linking C executable cmTC_0bc3f



Performing C SOURCE FILE Test CMAKE_HAVE_LIBC_PTHREAD succeeded with the following output:
Change Dir: /Users/cspot/clones/cairplay/targets/cli/build/CMakeFiles/CMakeTmp

Run Build Command(s):/opt/homebrew/bin/ninja cmTC_9b846 && [1/2] Building C object CMakeFiles/cmTC_9b846.dir/src.c.o
[2/2] Linking C executable cmTC_9b846


Source file was:
#include <pthread.h>

static void* test_func(void* data)
{
  return data;
}

int main(void)
{
  pthread_t thread;
  pthread_create(&thread, NULL, test_func, NULL);
  pthread_detach(thread);
  pthread_cancel(thread);
  pthread_join(thread, NULL);
  pthread_atfork(NULL, NULL, NULL);
  pthread_exit(NULL);

  return 0;
}

Determining if the function floor exists in the m passed with the following output:
Change Dir: /Users/cspot/clones/cairplay/targets/cli/build/CMakeFiles/CMakeTmp

Run Build Command(s):/opt/homebrew/bin/ninja cmTC_dfbd7 && [1/2] Building C object CMakeFiles/cmTC_dfbd7.dir/CheckFunctionExists.c.o
/opt/homebrew/Cellar/cmake/3.23.0/share/cmake/Modules/CheckFunctionExists.c:7:3: warning: incompatible redeclaration of library function 'floor' [-Wincompatible-library-redeclaration]
  CHECK_FUNCTION_EXISTS(void);
  ^
<command line>:1:31: note: expanded from here
#define CHECK_FUNCTION_EXISTS floor
                              ^
/opt/homebrew/Cellar/cmake/3.23.0/share/cmake/Modules/CheckFunctionExists.c:7:3: note: 'floor' is a builtin with type 'double (double)'
<command line>:1:31: note: expanded from here
#define CHECK_FUNCTION_EXISTS floor
                              ^
1 warning generated.
[2/2] Linking C executable cmTC_dfbd7



Determining if the include file alloca.h exists passed with the following output:
Change Dir: /Users/cspot/clones/cairplay/targets/cli/build/CMakeFiles/CMakeTmp

Run Build Command(s):/opt/homebrew/bin/ninja cmTC_fb911 && [1/2] Building C object CMakeFiles/cmTC_fb911.dir/CheckIncludeFile.c.o
[2/2] Linking C executable cmTC_fb911



Determining if the alloca exist passed with the following output:
Change Dir: /Users/cspot/clones/cairplay/targets/cli/build/CMakeFiles/CMakeTmp

Run Build Command(s):/opt/homebrew/bin/ninja cmTC_9ea79 && [1/2] Building C object CMakeFiles/cmTC_9ea79.dir/CheckSymbolExists.c.o
[2/2] Linking C executable cmTC_9ea79


File /Users/cspot/clones/cairplay/targets/cli/build/CMakeFiles/CMakeTmp/CheckSymbolExists.c:
/* */
#include <alloca.h>

int main(int argc, char** argv)
{
  (void)argv;
#ifndef alloca
  return ((int*)(&alloca))[argc];
#else
  (void)argc;
  return 0;
#endif
}
Determining if the function lrintf exists passed with the following output:
Change Dir: /Users/cspot/clones/cairplay/targets/cli/build/CMakeFiles/CMakeTmp

Run Build Command(s):/opt/homebrew/bin/ninja cmTC_a8a7f && [1/2] Building C object CMakeFiles/cmTC_a8a7f.dir/CheckFunctionExists.c.o
/opt/homebrew/Cellar/cmake/3.23.0/share/cmake/Modules/CheckFunctionExists.c:7:3: warning: incompatible redeclaration of library function 'lrintf' [-Wincompatible-library-redeclaration]
  CHECK_FUNCTION_EXISTS(void);
  ^
<command line>:1:31: note: expanded from here
#define CHECK_FUNCTION_EXISTS lrintf
                              ^
/opt/homebrew/Cellar/cmake/3.23.0/share/cmake/Modules/CheckFunctionExists.c:7:3: note: 'lrintf' is a builtin with type 'long (float)'
<command line>:1:31: note: expanded from here
#define CHECK_FUNCTION_EXISTS lrintf
                              ^
1 warning generated.
[2/2] Linking C executable cmTC_a8a7f



Determining if the function lrint exists passed with the following output:
Change Dir: /Users/cspot/clones/cairplay/targets/cli/build/CMakeFiles/CMakeTmp

Run Build Command(s):/opt/homebrew/bin/ninja cmTC_13aba && [1/2] Building C object CMakeFiles/cmTC_13aba.dir/CheckFunctionExists.c.o
/opt/homebrew/Cellar/cmake/3.23.0/share/cmake/Modules/CheckFunctionExists.c:7:3: warning: incompatible redeclaration of library function 'lrint' [-Wincompatible-library-redeclaration]
  CHECK_FUNCTION_EXISTS(void);
  ^
<command line>:1:31: note: expanded from here
#define CHECK_FUNCTION_EXISTS lrint
                              ^
/opt/homebrew/Cellar/cmake/3.23.0/share/cmake/Modules/CheckFunctionExists.c:7:3: note: 'lrint' is a builtin with type 'long (double)'
<command line>:1:31: note: expanded from here
#define CHECK_FUNCTION_EXISTS lrint
                              ^
1 warning generated.
[2/2] Linking C executable cmTC_13aba



Determining if the include file arm_neon.h exists passed with the following output:
Change Dir: /Users/cspot/clones/cairplay/targets/cli/build/CMakeFiles/CMakeTmp

Run Build Command(s):/opt/homebrew/bin/ninja cmTC_65a9e && [1/2] Building C object CMakeFiles/cmTC_65a9e.dir/CheckIncludeFile.c.o
[2/2] Linking C executable cmTC_65a9e



Performing C SOURCE FILE Test FAST_MATH_SUPPORTED succeeded with the following output:
Change Dir: /Users/cspot/clones/cairplay/targets/cli/build/CMakeFiles/CMakeTmp

Run Build Command(s):/opt/homebrew/bin/ninja cmTC_fba70 && [1/2] Building C object CMakeFiles/cmTC_fba70.dir/src.c.o
[2/2] Linking C executable cmTC_fba70


Source file was:
int main(void) { return 0; }
Performing C SOURCE FILE Test STACK_PROTECTOR_SUPPORTED succeeded with the following output:
Change Dir: /Users/cspot/clones/cairplay/targets/cli/build/CMakeFiles/CMakeTmp

Run Build Command(s):/opt/homebrew/bin/ninja cmTC_778c9 && [1/2] Building C object CMakeFiles/cmTC_778c9.dir/src.c.o
[2/2] Linking C executable cmTC_778c9


Source file was:
int main(void) { return 0; }
Performing C SOURCE FILE Test HIDDEN_VISIBILITY_SUPPORTED succeeded with the following output:
Change Dir: /Users/cspot/clones/cairplay/targets/cli/build/CMakeFiles/CMakeTmp

Run Build Command(s):/opt/homebrew/bin/ninja cmTC_fc085 && [1/2] Building C object CMakeFiles/cmTC_fc085.dir/src.c.o
[2/2] Linking C executable cmTC_fc085


Source file was:
int main(void) { return 0; }
Performing C SOURCE FILE Test Wall_SUPPORTED succeeded with the following output:
Change Dir: /Users/cspot/clones/cairplay/targets/cli/build/CMakeFiles/CMakeTmp

Run Build Command(s):/opt/homebrew/bin/ninja cmTC_6592a && [1/2] Building C object CMakeFiles/cmTC_6592a.dir/src.c.o
[2/2] Linking C executable cmTC_6592a


Source file was:
int main(void) { return 0; }
Performing C SOURCE FILE Test W_SUPPORTED succeeded with the following output:
Change Dir: /Users/cspot/clones/cairplay/targets/cli/build/CMakeFiles/CMakeTmp

Run Build Command(s):/opt/homebrew/bin/ninja cmTC_e3e82 && [1/2] Building C object CMakeFiles/cmTC_e3e82.dir/src.c.o
[2/2] Linking C executable cmTC_e3e82


Source file was:
int main(void) { return 0; }
Performing C SOURCE FILE Test Wstrictprototypes_SUPPORTED succeeded with the following output:
Change Dir: /Users/cspot/clones/cairplay/targets/cli/build/CMakeFiles/CMakeTmp

Run Build Command(s):/opt/homebrew/bin/ninja cmTC_81908 && [1/2] Building C object CMakeFiles/cmTC_81908.dir/src.c.o
[2/2] Linking C executable cmTC_81908


Source file was:
int main(void) { return 0; }
Performing C SOURCE FILE Test Wextra_SUPPORTED succeeded with the following output:
Change Dir: /Users/cspot/clones/cairplay/targets/cli/build/CMakeFiles/CMakeTmp

Run Build Command(s):/opt/homebrew/bin/ninja cmTC_06bc8 && [1/2] Building C object CMakeFiles/cmTC_06bc8.dir/src.c.o
[2/2] Linking C executable cmTC_06bc8


Source file was:
int main(void) { return 0; }
Performing C SOURCE FILE Test Wcastalign_SUPPORTED succeeded with the following output:
Change Dir: /Users/cspot/clones/cairplay/targets/cli/build/CMakeFiles/CMakeTmp

Run Build Command(s):/opt/homebrew/bin/ninja cmTC_9d0a4 && [1/2] Building C object CMakeFiles/cmTC_9d0a4.dir/src.c.o
[2/2] Linking C executable cmTC_9d0a4


Source file was:
int main(void) { return 0; }
Performing C SOURCE FILE Test Wnestedexterns_SUPPORTED succeeded with the following output:
Change Dir: /Users/cspot/clones/cairplay/targets/cli/build/CMakeFiles/CMakeTmp

Run Build Command(s):/opt/homebrew/bin/ninja cmTC_02d51 && [1/2] Building C object CMakeFiles/cmTC_02d51.dir/src.c.o
[2/2] Linking C executable cmTC_02d51


Source file was:
int main(void) { return 0; }
Performing C SOURCE FILE Test Wshadow_SUPPORTED succeeded with the following output:
Change Dir: /Users/cspot/clones/cairplay/targets/cli/build/CMakeFiles/CMakeTmp

Run Build Command(s):/opt/homebrew/bin/ninja cmTC_771ef && [1/2] Building C object CMakeFiles/cmTC_771ef.dir/src.c.o
[2/2] Linking C executable cmTC_771ef


Source file was:
int main(void) { return 0; }
